DEBUG 2013-09-19 00:28:20,565 main com.gps.itunes.lib.parser.main.app.utils.LogInitializer - Configured logging utility.
DEBUG 2013-09-19 00:28:20,569 main com.gps.itunes.lib.parser.main.app.utils.LogInitializer - 
  ________      __              _________    
    ! !        !  !            !  !       \ 
    ! !        !  !            !  !        | 
    ! !        !  !            !  !````````  
    ! !        !  !            !  !          
    ! !        !  !            !  !          
 `````````      ```````````    ````          
           ItunesLibraryParser v1.0
DEBUG 2013-09-19 00:28:21,017 main com.gps.itunes.lib.tasks.LibraryParser - Successfully Parsed.
DEBUG 2013-09-19 00:29:58,074 main com.gps.itunes.lib.parser.main.app.utils.LogInitializer - Configured logging utility.
DEBUG 2013-09-19 00:29:58,078 main com.gps.itunes.lib.parser.main.app.utils.LogInitializer - 
  ________      __              _________    
    ! !        !  !            !  !       \ 
    ! !        !  !            !  !        | 
    ! !        !  !            !  !````````  
    ! !        !  !            !  !          
    ! !        !  !            !  !          
 `````````      ```````````    ````          
           ItunesLibraryParser v1.0
DEBUG 2013-09-19 00:29:58,583 main com.gps.itunes.lib.tasks.LibraryParser - Successfully Parsed.
DEBUG 2013-09-19 01:09:31,382 main com.gps.itunes.lib.parser.main.app.utils.LogInitializer - Configured logging utility.
DEBUG 2013-09-19 01:09:31,391 main com.gps.itunes.lib.parser.main.app.utils.LogInitializer - 
  ________      __              _________    
    ! !        !  !            !  !       \ 
    ! !        !  !            !  !        | 
    ! !        !  !            !  !````````  
    ! !        !  !            !  !          
    ! !        !  !            !  !          
 `````````      ```````````    ````          
           ItunesLibraryParser v1.0
DEBUG 2013-09-19 01:09:31,845 main com.gps.itunes.lib.tasks.LibraryParser - Successfully Parsed.
DEBUG 2013-09-19 02:21:59,626 main com.gps.itunes.lib.parser.main.app.utils.LogInitializer - Configured logging utility.
DEBUG 2013-09-19 02:21:59,656 main com.gps.itunes.lib.parser.main.app.utils.LogInitializer - 
  ________      __              _________    
    ! !        !  !            !  !       \ 
    ! !        !  !            !  !        | 
    ! !        !  !            !  !````````  
    ! !        !  !            !  !          
    ! !        !  !            !  !          
 `````````      ```````````    ````          
           ItunesLibraryParser v1.0
DEBUG 2013-09-19 02:22:00,243 main com.gps.itunes.lib.tasks.LibraryParser - Successfully Parsed.
DEBUG 2013-09-19 02:24:04,295 main com.gps.itunes.lib.parser.main.app.utils.LogInitializer - Configured logging utility.
DEBUG 2013-09-19 02:24:04,301 main com.gps.itunes.lib.parser.main.app.utils.LogInitializer - 
  ________      __              _________    
    ! !        !  !            !  !       \ 
    ! !        !  !            !  !        | 
    ! !        !  !            !  !````````  
    ! !        !  !            !  !          
    ! !        !  !            !  !          
 `````````      ```````````    ````          
           ItunesLibraryParser v1.0
DEBUG 2013-09-19 02:24:04,805 main com.gps.itunes.lib.tasks.LibraryParser - Successfully Parsed.
DEBUG 2013-09-19 02:42:05,298 main com.gps.itunes.lib.parser.main.app.utils.LogInitializer - Configured logging utility.
DEBUG 2013-09-19 02:42:05,303 main com.gps.itunes.lib.parser.main.app.utils.LogInitializer - 
  ________      __              _________    
    ! !        !  !            !  !       \ 
    ! !        !  !            !  !        | 
    ! !        !  !            !  !````````  
    ! !        !  !            !  !          
    ! !        !  !            !  !          
 `````````      ```````````    ````          
           ItunesLibraryParser v1.0
DEBUG 2013-09-19 02:42:05,984 main com.gps.itunes.lib.tasks.LibraryParser - Successfully Parsed.
